<?xml version="1.0" encoding="UTF-8"?>
<!-- Generated by org.testng.reporters.JUnitXMLReporter -->
<testsuite ignored="2" hostname="DESKTOP-BKASB7R" failures="0" tests="4" name="Test Case Name" time="0.087" errors="0" timestamp="2022-10-11T12:14:53 IST">
  <testcase classname="testNG.GroupingExample" name="apple1" time="0.013"/>
  <testcase classname="testNG.GroupingExample" name="apple2" time="0.002"/>
  <testcase classname="testNG.GroupingExample" name="vivo1" time="0.003"/>
  <testcase classname="testNG.GroupingExample" name="vivo2" time="0.002"/>
  <testcase classname="testNG.GroupingExample" name="samsung1" time="0.0">
    <ignored/>
  </testcase> <!-- samsung1 -->
  <testcase classname="testNG.GroupingExample" name="samsung2" time="0.0">
    <ignored/>
  </testcase> <!-- samsung2 -->
</testsuite> <!-- Test Case Name -->
