<?xml version="1.0" encoding="UTF-8"?>
<!-- Generated by org.testng.reporters.JUnitXMLReporter -->
<testsuite ignored="0" hostname="DESKTOP-BKASB7R" failures="0" tests="5" name="Listeners execution test" time="0.129" errors="0" timestamp="2022-10-11T17:51:23 IST">
  <testcase classname="testNG.settingPriority" name="firstTestCase" time="0.019"/>
  <testcase classname="testNG.settingPriority" name="secondTestCase" time="0.005"/>
  <testcase classname="testNG.settingPriority" name="thirdTestCase" time="0.004"/>
  <testcase classname="testNG.settingPriority" name="fourthTestCase" time="0.003"/>
  <testcase classname="testNG.settingPriority" name="fifthTestCase" time="0.002"/>
</testsuite> <!-- Listeners execution test -->
