<?xml version="1.0" encoding="UTF-8"?>
<testng-results ignored="0" total="5" passed="5" failed="0" skipped="0">
  <reporter-output>
  </reporter-output>
  <suite started-at="2022-10-11T17:51:23 IST" name="Listeners execution" finished-at="2022-10-11T17:51:23 IST" duration-ms="129">
    <groups>
    </groups>
    <test started-at="2022-10-11T17:51:23 IST" name="Listeners execution test" finished-at="2022-10-11T17:51:23 IST" duration-ms="129">
      <class name="testNG.settingPriority">
        <test-method signature="firstTestCase()[pri:0, instance:testNG.settingPriority@56de5251]" started-at="2022-10-11T17:51:23 IST" name="firstTestCase" finished-at="2022-10-11T17:51:23 IST" duration-ms="19" status="PASS">
          <reporter-output>
          </reporter-output>
        </test-method> <!-- firstTestCase -->
        <test-method signature="secondTestCase()[pri:1, instance:testNG.settingPriority@56de5251]" started-at="2022-10-11T17:51:23 IST" name="secondTestCase" finished-at="2022-10-11T17:51:23 IST" duration-ms="5" status="PASS">
          <reporter-output>
          </reporter-output>
        </test-method> <!-- secondTestCase -->
        <test-method signature="thirdTestCase()[pri:2, instance:testNG.settingPriority@56de5251]" started-at="2022-10-11T17:51:23 IST" name="thirdTestCase" finished-at="2022-10-11T17:51:23 IST" duration-ms="4" status="PASS">
          <reporter-output>
          </reporter-output>
        </test-method> <!-- thirdTestCase -->
        <test-method signature="fourthTestCase()[pri:3, instance:testNG.settingPriority@56de5251]" started-at="2022-10-11T17:51:23 IST" name="fourthTestCase" finished-at="2022-10-11T17:51:23 IST" duration-ms="3" status="PASS">
          <reporter-output>
          </reporter-output>
        </test-method> <!-- fourthTestCase -->
        <test-method signature="fifthTestCase()[pri:4, instance:testNG.settingPriority@56de5251]" started-at="2022-10-11T17:51:23 IST" name="fifthTestCase" finished-at="2022-10-11T17:51:23 IST" duration-ms="2" status="PASS">
          <reporter-output>
          </reporter-output>
        </test-method> <!-- fifthTestCase -->
      </class> <!-- testNG.settingPriority -->
    </test> <!-- Listeners execution test -->
  </suite> <!-- Listeners execution -->
</testng-results>
